<?xml version="1.0" encoding="UTF-8"?>
<!-- Generated by org.testng.reporters.JUnitXMLReporter -->
<testsuite ignored="0" hostname="DESKTOP-OKTJI84" failures="0" tests="4" name="Default test" time="4.109" errors="0" timestamp="2024-11-04T18:56:42 EET">
  <testcase classname="mytest" name="CheckTheEnglishLanguageIsDefault" time="0.07"/>
  <testcase classname="mytest" name="CheckTheDefaultCurrencyIsSAR" time="0.052"/>
  <testcase classname="mytest" name="CheckTheContactNumber" time="0.058"/>
  <testcase classname="mytest" name="CheckQitafLogoIsThereInTheFooter" time="0.048"/>
</testsuite> <!-- Default test -->
