<?xml version="1.0" encoding="UTF-8"?>
<testng-results ignored="0" total="4" passed="4" failed="0" skipped="0">
  <reporter-output>
  </reporter-output>
  <suite started-at="2024-11-04T18:56:38 EET" name="Default suite" finished-at="2024-11-04T18:56:42 EET" duration-ms="4109">
    <groups>
    </groups>
    <test started-at="2024-11-04T18:56:38 EET" name="Default test" finished-at="2024-11-04T18:56:42 EET" duration-ms="4109">
      <class name="mytest">
        <test-method is-config="true" signature="MySetUp()[pri:0, instance:mytest@5d9b7a8a]" started-at="2024-11-04T18:56:38 EET" name="MySetUp" finished-at="2024-11-04T18:56:41 EET" duration-ms="3786" status="PASS">
          <reporter-output>
          </reporter-output>
        </test-method> <!-- MySetUp -->
        <test-method signature="CheckTheEnglishLanguageIsDefault()[pri:1, instance:mytest@5d9b7a8a]" started-at="2024-11-04T18:56:41 EET" name="CheckTheEnglishLanguageIsDefault" finished-at="2024-11-04T18:56:41 EET" duration-ms="70" status="PASS">
          <reporter-output>
          </reporter-output>
        </test-method> <!-- CheckTheEnglishLanguageIsDefault -->
        <test-method signature="CheckTheDefaultCurrencyIsSAR()[pri:2, instance:mytest@5d9b7a8a]" started-at="2024-11-04T18:56:41 EET" name="CheckTheDefaultCurrencyIsSAR" finished-at="2024-11-04T18:56:41 EET" duration-ms="52" status="PASS">
          <reporter-output>
          </reporter-output>
        </test-method> <!-- CheckTheDefaultCurrencyIsSAR -->
        <test-method signature="CheckTheContactNumber()[pri:3, instance:mytest@5d9b7a8a]" started-at="2024-11-04T18:56:41 EET" name="CheckTheContactNumber" finished-at="2024-11-04T18:56:42 EET" duration-ms="58" status="PASS">
          <reporter-output>
          </reporter-output>
        </test-method> <!-- CheckTheContactNumber -->
        <test-method signature="CheckQitafLogoIsThereInTheFooter()[pri:4, instance:mytest@5d9b7a8a]" started-at="2024-11-04T18:56:42 EET" name="CheckQitafLogoIsThereInTheFooter" finished-at="2024-11-04T18:56:42 EET" duration-ms="48" status="PASS">
          <reporter-output>
          </reporter-output>
        </test-method> <!-- CheckQitafLogoIsThereInTheFooter -->
      </class> <!-- mytest -->
    </test> <!-- Default test -->
  </suite> <!-- Default suite -->
</testng-results>
